,number,value,datetime_start,datetime_complete,duration,params_d_ff,params_d_model,params_dropout,params_e_layers,params_learning_rate,params_num_kernels,params_top_k,user_attrs_pruned,user_attrs_training_time,state
109,109,0.2683974072980381,2025-01-30 23:55:28.561259,2025-01-31 00:50:36.145874,0 days 00:55:07.584615,128,32,0.2,2,0.00015775975285245314,1,5,,3307.173612356186,COMPLETE
110,110,0.28339088735478773,2025-01-31 00:36:56.744449,2025-01-31 01:25:55.904569,0 days 00:48:59.160120,96,16,0.2,2,0.00027825739975982704,2,5,,2938.616857767105,COMPLETE
111,111,0.2671311059789175,2025-01-31 00:50:36.147494,2025-01-31 01:16:30.373260,0 days 00:25:54.225766,16,64,0.3,1,0.00013814719894447724,1,4,,1553.9580779075623,COMPLETE
112,112,0.32051490404038,2025-01-31 01:16:30.375003,2025-01-31 02:01:21.299547,0 days 00:44:50.924544,64,64,0.0,2,0.00044781587278219006,6,1,,2690.1540105342865,COMPLETE
113,113,0.26747291328186934,2025-01-31 01:25:55.906634,2025-01-31 02:05:51.355829,0 days 00:39:55.449195,32,96,0.3,1,0.0006660023378419018,1,2,,2395.213273048401,COMPLETE
114,114,0.26879701991284466,2025-01-31 02:01:21.301491,2025-01-31 02:28:27.138703,0 days 00:27:05.837212,144,80,0.2,1,0.00011071157433050563,1,3,,1625.5512037277222,COMPLETE
115,115,0.2961434041914657,2025-01-31 02:05:51.361231,2025-01-31 02:55:06.032604,0 days 00:49:14.671373,64,16,0.0,4,0.00035094344704257726,2,1,,2954.35861492157,COMPLETE
116,116,0.26786417994955974,2025-01-31 02:28:27.140785,2025-01-31 02:55:42.762305,0 days 00:27:15.621520,48,64,0.3,1,0.00013409126122648605,1,2,,1635.4503877162933,COMPLETE
117,117,0.26749800291667464,2025-01-31 02:55:06.037594,2025-01-31 03:54:42.252334,0 days 00:59:36.214740,16,128,0.3,2,0.00876402124576804,4,2,,3573.868679523468,COMPLETE
118,118,0.2670431500689949,2025-01-31 02:55:42.763498,2025-01-31 04:10:03.100089,0 days 01:14:20.336591,80,16,0.2,2,0.00018238564253859898,1,5,,4459.9937217235565,COMPLETE
119,119,0.2675208280972446,2025-01-31 03:54:42.253747,2025-01-31 04:21:33.221120,0 days 00:26:50.967373,64,32,0.2,1,0.00010827873565895115,1,5,,1610.7388324737549,COMPLETE
120,120,0.2680434415117799,2025-01-31 04:10:03.102580,2025-01-31 04:52:10.378916,0 days 00:42:07.276336,80,16,0.2,2,0.0002574191603838668,1,5,,2526.974584579468,COMPLETE
121,121,0.3329786474201114,2025-01-31 04:21:33.222866,2025-01-31 05:26:29.923487,0 days 01:04:56.700621,128,128,0.2,3,0.000477431155953898,2,3,,3895.5121512413025,COMPLETE
122,122,0.26758570941182896,2025-01-31 04:52:10.380772,2025-01-31 05:57:16.339623,0 days 01:05:05.958851,64,16,0.2,2,0.00020969194421825355,1,5,,3905.674660682678,COMPLETE
123,123,0.267840619720982,2025-01-31 05:26:29.925261,2025-01-31 06:46:34.332535,0 days 01:20:04.407274,80,16,0.2,2,0.00016234275208859325,1,5,,4804.126655817032,COMPLETE
124,124,,2025-01-31 05:57:16.341746,2025-01-31 07:01:52.702867,0 days 01:04:36.361121,208,128,0.0,1,0.005560205041095469,6,4,"Exception: OutOfMemoryError('CUDA out of memory. Tried to allocate 2.60 GiB. GPU 0 has a total capacity of 39.39 GiB of which 2.37 GiB is free. Process 3075574 has 37.02 GiB memory in use. Of the allocated memory 33.04 GiB is allocated by PyTorch, and 3.47 GiB is reserved by PyTorch but unallocated. If reserved but unallocated memory is large try setting PYTORCH_CUDA_ALLOC_CONF=expandable_segments:True to avoid fragmentation.  See documentation for Memory Management  (https://pytorch.org/docs/stable/notes/cuda.html#environment-variables)')",,PRUNED
125,125,0.2780767691391563,2025-01-31 06:46:34.334205,2025-01-31 08:45:45.041267,0 days 01:59:10.707062,64,16,0.2,3,0.00011191599959431005,2,5,,7150.1358189582825,COMPLETE
126,126,0.2905223354123762,2025-01-31 07:01:52.704060,2025-01-31 08:46:09.069273,0 days 01:44:16.365213,32,48,0.2,3,0.00015842822394112065,3,5,,6255.15810585022,COMPLETE
127,127,0.26955683892556015,2025-01-31 08:45:45.042359,2025-01-31 10:04:30.681439,0 days 01:18:45.639080,16,48,0.3,3,0.00041878129361976697,1,5,,4725.139709949493,COMPLETE
