,number,value,datetime_start,datetime_complete,duration,params_colsample_bytree,params_gamma,params_learning_rate,params_max_depth,params_min_child_weight,params_reg_alpha,params_reg_lambda,params_subsample,user_attrs_pruned,user_attrs_training_time,state
0,0,0.2529715458382478,2025-01-29 21:17:47.989681,2025-01-29 21:27:36.810747,0 days 00:09:48.821066,0.8262695631921098,3.315339427070286e-06,0.006230361878737881,8,0.0010884849604624429,1.6146326160902727e-05,8.796579054960621e-05,0.9993343468394371,,587.8260645866394,COMPLETE
1,1,0.2560941680056658,2025-01-29 21:27:36.811109,2025-01-29 21:34:31.827173,0 days 00:06:55.016064,0.7416200505928214,1.1705337151667374e-07,0.006271743239767355,7,0.934537268875526,4.524071180551916e-08,0.011143660079876666,0.925942762468136,,414.2209737300873,COMPLETE
2,2,0.7125729416026635,2025-01-29 21:34:31.827550,2025-01-29 21:38:20.148513,0 days 00:03:48.320963,0.9908200105598031,1.9182688857323147e-08,0.0005020712478728059,4,0.0027721787842688765,0.2710644358870171,0.2626983036854559,0.5296189537298448,,227.7529580593109,COMPLETE
3,3,0.2766230834848345,2025-01-29 21:38:20.148909,2025-01-29 21:41:09.559567,0 days 00:02:49.410658,0.9802803287642909,0.004450094658936186,0.009870363415950713,3,0.7903223616897247,2.9131775806179036e-08,1.1601001043916255e-06,0.6727572197095164,,168.89250802993774,COMPLETE
4,4,0.39672176882058907,2025-01-29 21:41:09.559951,2025-01-29 21:48:49.078702,0 days 00:07:39.518751,0.9490282437173765,7.112726264154975e-07,0.001697030348558569,7,0.0014644853992332322,0.5087039283566274,0.0062801466886191525,0.5141257764089746,,458.7834882736206,COMPLETE
5,5,0.7983243343997826,2025-01-29 21:48:49.079089,2025-01-29 22:11:28.740204,0 days 00:22:39.661115,0.8011301272496228,0.0005695882862038625,0.0002752993517703086,10,0.14685985349045608,0.04634416586405655,2.1497439208032048e-07,0.8796061499364398,,1357.600748538971,COMPLETE
6,6,0.5052975825688132,2025-01-29 22:11:28.741368,2025-01-29 22:14:27.633743,0 days 00:02:58.892375,0.8989719694515392,0.00020276415838708621,0.0012697870770688794,3,3.459102120851603,0.5055549073886149,0.7913405574400905,0.5825758034115917,,178.3442680835724,COMPLETE
7,7,0.8222242013853457,2025-01-29 22:14:27.634158,2025-01-29 22:24:05.187125,0 days 00:09:37.552967,0.5502505116973059,1.0163472450318346e-08,0.00023755912054971564,8,0.13661105981379107,6.853328893336147e-08,4.342190578098836e-05,0.7703944424279454,,576.6969830989838,COMPLETE
8,8,0.24248057355421318,2025-01-29 22:24:05.187700,2025-01-29 22:34:32.604046,0 days 00:10:27.416346,0.8083403990623989,6.935539677187935e-05,0.08210861241622072,9,0.0018105345816691006,0.00039090043697835125,0.17270410586299847,0.9970759322228039,,626.4014165401459,COMPLETE
9,9,0.23864052120118262,2025-01-29 22:34:32.604410,2025-01-29 22:49:41.850644,0 days 00:15:09.246234,0.7415351494087528,2.0879830671952932e-08,0.057785461232961764,10,0.001507562049297289,0.0008137588333679326,0.03656366640156672,0.8682894352969319,,908.0328419208527,COMPLETE
10,10,0.24385903679377427,2025-01-29 22:49:41.851793,2025-01-29 22:57:09.533217,0 days 00:07:27.681424,0.5712569971218806,7.172632950326236e-05,0.07816841443388212,8,0.0010108360563192008,0.9650349780457065,0.12558307332780394,0.7798700334213012,,446.8239688873291,COMPLETE
11,11,0.240604158400621,2025-01-29 22:57:09.533830,2025-01-29 23:08:44.971892,0 days 00:11:35.438062,0.8840096529796551,1.2334837749486478e-07,0.019559282005933026,9,0.0013596123382166477,0.011792644413798502,0.33014035347448517,0.9278941776399963,,694.4445538520813,COMPLETE
12,12,0.23862932245487165,2025-01-29 23:08:44.972300,2025-01-29 23:26:56.420353,0 days 00:18:11.448053,0.9760527463877592,3.664800701692372e-08,0.015015217483971895,10,0.008335438110366366,0.047162329792514245,0.0028436666749821664,0.9737467472660213,,1089.793776512146,COMPLETE
13,13,0.2413982425022432,2025-01-29 23:26:56.421530,2025-01-29 23:46:22.963111,0 days 00:19:26.541581,0.8722392609667946,1.1298148222968319e-07,0.009150767590096498,10,0.03765049714821671,0.44328366609061925,6.1591021068616e-06,0.7814816297931142,,1165.277096271515,COMPLETE
14,14,0.2455801375487531,2025-01-29 23:46:22.963501,2025-01-30 00:04:42.772713,0 days 00:18:19.809212,0.6006995644368849,1.899922670880054e-07,0.00621490191656703,10,0.16974201903788957,0.0010013875404237115,0.18249153285875505,0.7443196262811376,,1098.4605731964111,COMPLETE
15,15,0.24523994835685192,2025-01-30 00:04:42.773122,2025-01-30 00:12:33.462981,0 days 00:07:50.689859,0.5814790174340179,1.4857327439557831e-07,0.014392381861271,8,0.001427108725290322,1.9426998305779758e-05,0.0035601642392807816,0.8075449033551991,,469.847044467926,COMPLETE
16,16,0.25432446884805343,2025-01-30 00:12:33.464095,2025-01-30 00:22:44.367295,0 days 00:10:10.903200,0.9935193204821746,5.849189999170808e-08,0.0057567171218356715,8,0.12316193001021314,2.1942698443862222e-05,0.03916749974334208,0.8881496597184839,,610.0595557689667,COMPLETE
17,17,0.23851406367788086,2025-01-30 00:22:44.368138,2025-01-30 00:41:52.193099,0 days 00:19:07.824961,0.9372257190492203,2.4516322928478044e-07,0.013990223172882597,10,0.1499953838865552,0.0005141354100701205,1.0896312940382376e-07,0.969321403601706,,1146.0617325305939,COMPLETE
18,18,0.2444761304418248,2025-01-30 00:41:52.193493,2025-01-30 00:50:27.868598,0 days 00:08:35.675105,0.9794494229931855,8.726005447070076e-05,0.01869187534234433,8,0.3646957876405103,1.1157128881132795e-05,3.210411643331337e-06,0.8616087891413364,,514.8273396492004,COMPLETE
19,19,0.24074214605963581,2025-01-30 00:50:27.869697,2025-01-30 01:02:50.731535,0 days 00:12:22.861838,0.9167144339892804,3.088387534563541e-08,0.01795101004537709,9,0.17762959064809436,1.6301628595384077e-06,2.5737513349824603e-08,0.907650301219963,,741.8420221805573,COMPLETE
20,20,0.2629270061317897,2025-01-30 01:02:50.732483,2025-01-30 01:23:38.718889,0 days 00:20:47.986406,0.7776067290236607,1.149997382458894e-08,0.0038656183948168198,10,3.319370163189219,0.0013930207356241146,2.8405143214043137e-06,0.992773652482926,,1246.5968568325043,COMPLETE
21,21,0.2416485638704958,2025-01-30 01:23:38.719287,2025-01-30 01:34:59.563232,0 days 00:11:20.843945,0.9612151579599756,4.1610658561541536e-08,0.07291138571213097,9,0.06889066362999903,0.06984703645597004,0.0026017211734948946,0.9256994230109573,,679.8669650554657,COMPLETE
22,22,0.23939753469198677,2025-01-30 01:34:59.564086,2025-01-30 01:52:12.167022,0 days 00:17:12.602936,0.9999866493947105,2.9703571722622935e-06,0.06342094156093847,10,0.1550249773066013,0.0007158452557090274,5.44144176029311e-08,0.9470890852663433,,1031.3544433116913,COMPLETE
23,23,0.23946245317230586,2025-01-30 01:52:12.167457,2025-01-30 02:02:20.274296,0 days 00:10:08.106839,0.6389019803842373,4.066567347443253e-08,0.04466268324554443,9,0.0039301028956077915,0.03590863703562059,0.33136173343509867,0.9276712640715498,,607.1457333564758,COMPLETE
24,24,0.24067931663251343,2025-01-30 02:02:20.275176,2025-01-30 02:13:11.065836,0 days 00:10:50.790660,0.7500607923510744,3.262180236419146e-07,0.04843087115886157,9,0.00435272298995941,6.55720242504658e-06,0.0028872353422607377,0.7685082371584148,,649.8009555339813,COMPLETE
25,25,0.24013118720471197,2025-01-30 02:13:11.066709,2025-01-30 02:25:01.383456,0 days 00:11:50.316747,0.9853795480323886,1.6919075919701393e-07,0.02534693269444614,9,0.00138781951863717,0.02921340566677502,1.361917713067524e-06,0.934497858831084,,709.3337681293488,COMPLETE
26,26,0.3244177212105568,2025-01-30 02:25:01.384396,2025-01-30 02:40:52.224047,0 days 00:15:50.839651,0.999461308111263,2.8432011698308685e-05,0.002331592660566494,9,0.09091897419266708,0.029418904134029734,0.004002304210995991,0.9724004663360428,,949.7739474773407,COMPLETE
27,27,0.2424444337549915,2025-01-30 02:40:52.224822,2025-01-30 02:55:26.117192,0 days 00:14:33.892370,0.6322235825910436,1.7466069900353903e-07,0.09578077386061205,10,0.0016704211190284666,9.501805176228083e-05,0.0060764886541605865,0.9307341538649253,,872.6557083129883,COMPLETE
28,28,0.5044919357160239,2025-01-30 02:55:26.117626,2025-01-30 03:03:04.373238,0 days 00:07:38.255612,0.9653969154541763,9.694401788954016e-08,0.0011000237731115376,7,0.0018769671522736293,0.14235205595218234,0.0005881492947410941,0.9168604215586449,,457.54130005836487,COMPLETE
29,29,0.24086181706598922,2025-01-30 03:03:04.374413,2025-01-30 03:14:02.971265,0 days 00:10:58.596852,0.7398421345934179,1.0589315718821098e-08,0.022713423422474142,9,0.0019894959637369275,0.005592408220415204,0.002578919881092814,0.7433308243278105,,657.5971777439117,COMPLETE
30,30,0.26283662235506783,2025-01-30 03:14:02.972185,2025-01-30 03:28:32.513004,0 days 00:14:29.540819,0.785811816669254,1.203328940357063e-07,0.004095855346860746,9,0.0568926940160928,0.0019248086797657438,1.1901379584682457e-07,0.9773116626746685,,868.4683120250702,COMPLETE
31,31,0.24082458330386639,2025-01-30 03:28:32.513792,2025-01-30 03:39:51.490293,0 days 00:11:18.976501,0.9055850823708661,1.5098986268190862e-07,0.06175759326929453,9,0.056240227791447904,0.0029639698139284337,4.696990054117746e-08,0.9125711380768431,,677.9575748443604,COMPLETE
32,32,0.23983526948027092,2025-01-30 03:39:51.491168,2025-01-30 03:51:21.542970,0 days 00:11:30.051802,0.9639295049933645,9.431638313882527e-05,0.03265232224467359,9,0.14005046777874341,0.06734165985507873,4.824113414724697e-06,0.8771898820188841,,689.0640580654144,COMPLETE
33,33,0.23922035037736764,2025-01-30 03:51:21.543899,2025-01-30 04:09:32.248177,0 days 00:18:10.704278,0.980136128831601,0.001515129043499018,0.01627480328439212,10,0.02767343181593123,0.00028860669621174007,1.4344219896451724e-08,0.7485028144228417,,1089.426959991455,COMPLETE
34,34,0.24826355303569803,2025-01-30 04:09:32.248615,2025-01-30 04:31:43.597190,0 days 00:22:11.348575,0.9757787131432416,0.001769091623921837,0.005709300188472989,10,0.009061120424630392,1.8132868081540463e-05,1.918255686903189e-07,0.6916379165005792,,1329.431425333023,COMPLETE
35,35,0.272250148375872,2025-01-30 04:31:43.597623,2025-01-30 04:46:26.872880,0 days 00:14:43.275257,0.9035497245014021,0.0034825476363703786,0.0035739957308688407,9,1.0325264237920384,0.0002103973307155823,1.1675220357317654e-08,0.7392646828897543,,882.2148122787476,COMPLETE
36,36,0.2530949356808447,2025-01-30 04:46:26.873830,2025-01-30 05:08:43.438661,0 days 00:22:16.564831,0.9004665898045102,0.008806471150949203,0.004698196570027368,10,0.010506791258262236,0.001828395151796615,6.050186541505531e-08,0.8478369696364635,,1334.558776140213,COMPLETE
37,37,0.24397374975927058,2025-01-30 05:08:43.439112,2025-01-30 05:20:40.820632,0 days 00:11:57.381520,0.7893574722720051,0.0002504255785993353,0.011392251075095857,9,0.02906540546804789,0.05129444251602015,1.258725903283003e-08,0.6486798477712006,,716.1224226951599,COMPLETE
38,38,0.24349295737055274,2025-01-30 05:20:40.821574,2025-01-30 05:31:53.551134,0 days 00:11:12.729560,0.8959121143479543,0.003541949174117934,0.055699272270549,9,0.15357534452214516,2.606418841533672e-07,1.813600606807815e-08,0.6710679266894772,,671.5137672424316,COMPLETE
39,39,0.2376060699832012,2025-01-30 05:31:53.552010,2025-01-30 05:48:21.668768,0 days 00:16:28.116758,0.9479474097707179,5.009772992132596e-08,0.03565139039084384,10,0.007285321468832716,0.026571413137795957,0.001146937587591099,0.9465143594328548,,986.5319740772247,COMPLETE
40,40,0.24263576135993695,2025-01-30 05:48:21.669226,2025-01-30 06:09:21.646816,0 days 00:20:59.977590,0.9231748322446569,2.478618830952936e-05,0.007892038560297758,10,0.0017883506307182406,0.17974835078857881,0.0003817057479401917,0.9816577964795904,,1258.66689991951,COMPLETE
41,41,0.24138613756867586,2025-01-30 06:09:21.647267,2025-01-30 06:20:43.890837,0 days 00:11:22.243570,0.9704437797588911,0.0059405946794577474,0.0628184626939583,9,0.018043265490249486,0.00698911629279598,2.257567398799843e-08,0.8548643311864593,,681.0470688343048,COMPLETE
42,42,0.2384492569260163,2025-01-30 06:20:43.891733,2025-01-30 06:38:25.068162,0 days 00:17:41.176429,0.9874769177141287,1.1712362936488747e-08,0.026947992971783467,10,0.008761095146042664,0.0006896632478845446,1.0704569711366819e-05,0.7847920837532798,,1059.5246193408966,COMPLETE
43,43,0.23700445108505433,2025-01-30 06:38:25.068608,2025-01-30 06:54:55.980554,0 days 00:16:30.911946,0.8301849088549654,4.706496063697951e-08,0.02250684589449065,10,0.011212007362140763,0.00999456419360293,0.0003516314911034484,0.957254856552707,,989.251796245575,COMPLETE
44,44,0.26175969750498057,2025-01-30 06:54:55.981000,2025-01-30 07:10:22.157817,0 days 00:15:26.176817,0.9882330498877359,1.0482041222912533e-08,0.004196292671427898,9,0.009233296899145427,2.266048472393153e-05,2.0988966862582654e-06,0.8402280819436926,,924.7961885929108,COMPLETE
45,45,0.23782257785771357,2025-01-30 07:10:22.158641,2025-01-30 07:26:02.101522,0 days 00:15:39.942881,0.8352360902084928,1.505079493708297e-08,0.041460250514601615,10,0.00889982232959431,0.010894113988905413,0.00024111992314231732,0.9856090741494639,,938.295556306839,COMPLETE
46,46,0.24234222994356633,2025-01-30 07:26:02.102005,2025-01-30 07:38:05.986182,0 days 00:12:03.884177,0.9369536926721826,1.4734185860202446e-08,0.016663887990074556,9,0.012124646533877952,0.005419866991725769,8.050416235094564e-06,0.7068626331524447,,722.6035902500153,COMPLETE
47,47,0.2399122961236403,2025-01-30 07:38:05.987142,2025-01-30 07:48:49.124277,0 days 00:10:43.137135,0.7123128477120149,9.487048289886745e-08,0.02540947318484459,9,0.09957297599999831,0.07842223632681382,0.00010410212416213838,0.9979868404413561,,641.8861947059631,COMPLETE
48,48,0.2376050903027643,2025-01-30 07:48:49.125217,2025-01-30 08:05:31.576556,0 days 00:16:42.451339,0.7771421584708489,7.256820097399203e-08,0.042638356209176595,10,0.002439648386662876,0.7885487913944806,0.000345821932390847,0.8816651740945165,,1000.8288221359253,COMPLETE
49,49,0.2376540794885981,2025-01-30 08:05:31.577024,2025-01-30 08:22:41.992190,0 days 00:17:10.415166,0.9339571427462308,1.2025681649593485e-08,0.040326738625209926,10,0.01786674959920356,6.861334818161808e-06,0.0005163061259880615,0.9703086959478023,,1028.7622632980347,COMPLETE
50,50,0.23718202930073207,2025-01-30 08:22:41.992661,2025-01-30 08:39:47.460418,0 days 00:17:05.467757,0.8086073477943545,4.0499926918578454e-08,0.0200261933281169,10,0.02614444804875915,0.00046529709852557804,0.00021437766319502748,0.9577633507561816,,1023.7330095767975,COMPLETE
51,51,0.23967648216503878,2025-01-30 08:39:47.460885,2025-01-30 08:51:41.796109,0 days 00:11:54.335224,0.9373671774862097,8.914746453947851e-08,0.02968308306099818,9,0.004901113256405421,2.5430845210889168e-06,0.0012565013113854386,0.924079057513902,,713.0542712211609,COMPLETE
52,52,0.2394700227625036,2025-01-30 08:51:41.797070,2025-01-30 09:10:46.985122,0 days 00:19:05.188052,0.7921893407414121,3.2147512683206867e-07,0.010313380482749566,10,0.03180810122242088,0.0009493182662466434,0.0014910727814762652,0.9210224622621299,,1143.3542530536652,COMPLETE
53,53,0.2386970214387092,2025-01-30 09:10:46.985784,2025-01-30 09:27:16.584306,0 days 00:16:29.598522,0.7404919569068028,5.446299661471051e-08,0.06364591796126959,10,0.0013227853239384277,0.5832969923320842,2.4271850026926405e-05,0.8809217625375797,,988.4116218090057,COMPLETE
54,54,0.23940799298239288,2025-01-30 09:27:16.584796,2025-01-30 09:38:26.890092,0 days 00:11:10.305296,0.7921950595680389,1.707907460465496e-08,0.03872215798811207,9,0.009191595449139695,9.481553949499966e-05,3.484661033276844e-05,0.953292131457176,,669.036783695221,COMPLETE
55,55,0.23863605330551277,2025-01-30 09:38:26.891057,2025-01-30 09:56:38.229827,0 days 00:18:11.338770,0.8819298320611723,3.899779181107633e-08,0.015638697813953994,10,0.0063978010188937996,0.0014931120757555518,0.00018368921197618333,0.9968749076594422,,1089.566890001297,COMPLETE
56,56,0.23848562658549657,2025-01-30 09:56:38.230266,2025-01-30 10:13:41.068496,0 days 00:17:02.838230,0.9793635594487108,6.464281813856777e-08,0.0566728254923522,10,0.08640880557896209,7.762680277135575e-07,0.008064740196405554,0.9444274424746396,,1021.2122280597687,COMPLETE
57,57,0.24100308097389755,2025-01-30 10:13:41.069014,2025-01-30 10:32:39.873198,0 days 00:18:58.804184,0.7840785973708319,1.5303277271943236e-06,0.00948844620434196,10,0.06333936461846489,0.7459302337345921,0.04836810713695381,0.7868671403677573,,1137.0686202049255,COMPLETE
58,58,0.23780973514651185,2025-01-30 10:32:39.873675,2025-01-30 10:49:07.061702,0 days 00:16:27.188027,0.892112761587839,8.212453462372567e-07,0.04291646876090735,10,0.0010984012679445072,0.2673428377035904,0.003994497326867654,0.837258555007945,,985.6593592166901,COMPLETE
59,59,0.2407694244926001,2025-01-30 10:49:07.062238,2025-01-30 11:07:39.414977,0 days 00:18:32.352739,0.8663111810739924,0.0005051351617296871,0.010005045727603232,10,0.0011284609228048212,0.0073748782432159436,0.3021597091984905,0.7844274615809721,,1110.6628246307373,COMPLETE
60,60,0.24236767125386113,2025-01-30 11:07:39.415462,2025-01-30 11:18:01.445785,0 days 00:10:22.030323,0.7881689385844034,3.4050661680170045e-06,0.06332539957057143,9,0.0010939947298300868,0.0797578074402317,0.0004498264186159841,0.7531957886518734,,621.0400907993317,COMPLETE
61,61,0.23971359003479753,2025-01-30 11:18:01.446783,2025-01-30 11:34:41.589456,0 days 00:16:40.142673,0.96565794911783,1.062903680966985e-07,0.056816528103889756,10,0.003966899649050706,0.008264865153400506,0.002015626331776709,0.8223633790828128,,998.5621457099915,COMPLETE
62,62,0.23912954747187712,2025-01-30 11:34:41.589965,2025-01-30 11:45:49.187300,0 days 00:11:07.597335,0.820174395504655,6.477483233070686e-07,0.04471539920638027,9,0.002914523555012546,0.539652294029859,0.0076517389665314425,0.9295135808983837,,666.3662428855896,COMPLETE
63,63,0.2404458978080742,2025-01-30 11:45:49.188307,2025-01-30 11:56:50.297435,0 days 00:11:01.109128,0.9012300004855307,1.2860267033689947e-06,0.029268294493531185,9,0.0011089794190856294,0.21510265998577308,0.07039100278229778,0.780569682056631,,659.9189307689667,COMPLETE
64,64,0.2373469687198785,2025-01-30 11:56:50.298443,2025-01-30 12:13:08.966852,0 days 00:16:18.668409,0.8847267184049635,4.125480636314932e-07,0.025019200333262416,10,0.051251361277313105,0.05685581932537324,7.434759705410651e-05,0.9530462220442869,,977.1161937713623,COMPLETE
65,65,0.24142394836371714,2025-01-30 12:13:08.967343,2025-01-30 12:28:43.294364,0 days 00:15:34.327021,0.8403990356452172,3.978181555418223e-05,0.08388584626341403,10,0.0170482488505892,0.03354862868608578,0.00014995219421243708,0.9089063232804423,,932.7416887283325,COMPLETE
66,66,0.23772614079026363,2025-01-30 12:28:43.294882,2025-01-30 12:47:09.216771,0 days 00:18:25.921889,0.900377439897125,7.219595347774548e-08,0.02043611266483191,10,0.06652493006376191,4.0602222107537964e-05,0.00019325907037590501,0.9805578400688246,,1104.1745314598083,COMPLETE
67,67,0.2444013979258426,2025-01-30 12:47:09.217273,2025-01-30 12:55:26.097677,0 days 00:08:16.880404,0.8938950946550297,6.691436736282734e-08,0.017267823681541523,8,1.8468224906384525,0.00019256241591781247,3.310715849568327e-05,0.9152729566220033,,496.0221498012543,COMPLETE
68,68,0.23740109318050862,2025-01-30 12:55:26.100666,2025-01-30 13:12:39.444026,0 days 00:17:13.343360,0.877936047624488,1.6570625762057778e-08,0.028820971091384748,10,0.11041904326607213,3.7304449921940315e-05,6.40235877261275e-05,0.8776301970548076,,1031.6315314769745,COMPLETE
69,69,0.24167496658499207,2025-01-30 13:12:39.444516,2025-01-30 13:25:15.218546,0 days 00:12:35.774030,0.9520307577030779,1.298597058567396e-07,0.01583734044491496,9,0.7037531233442305,7.89419786871903e-08,2.4525567009595932e-05,0.797497784943413,,754.4692170619965,COMPLETE
70,70,0.2376837504199266,2025-01-30 13:25:15.219516,2025-01-30 13:42:46.401791,0 days 00:17:31.182275,0.9168236475969174,7.219907170876151e-07,0.025419041006542863,10,0.2095697085231344,0.00010755714228856823,1.0522724220948869e-05,0.8309912246363437,,1049.4952037334442,COMPLETE
71,71,0.24821063612451247,2025-01-30 13:42:46.402273,2025-01-30 13:56:20.936768,0 days 00:13:34.534495,0.7966104961586765,5.957920205801651e-08,0.006726998234837321,9,0.4911923167114699,0.0009969320222764848,3.0991067653019097e-07,0.6669475229122332,,813.2011954784393,COMPLETE
72,72,0.23778011346802375,2025-01-30 13:56:20.937756,2025-01-30 14:13:23.048711,0 days 00:17:02.110955,0.7983456224258305,4.0840856332019575e-06,0.015573577124814792,10,0.06525928547982734,0.41874504064851675,3.183659959414721e-06,0.9554883222059554,,1020.5174310207367,COMPLETE
73,73,0.24262399121589487,2025-01-30 14:13:23.049219,2025-01-30 14:26:05.578628,0 days 00:12:42.529409,0.8038565899454181,6.165408917495151e-05,0.011179720042120011,9,0.050785691016463554,1.0299384263010998e-06,0.0002711125977836638,0.8563989022178379,,761.4733934402466,COMPLETE
74,74,0.24059259551626452,2025-01-30 14:26:05.579630,2025-01-30 14:43:27.555375,0 days 00:17:21.975745,0.9840043426244176,1.0495242013922793e-07,0.06303169206446736,10,0.8583499698963045,0.00037006042402136795,9.14968739552224e-05,0.8145755981330479,,1040.2799746990204,COMPLETE
75,75,0.2439372072142406,2025-01-30 14:43:27.555865,2025-01-30 14:56:15.853690,0 days 00:12:48.297825,0.6740660401994177,2.2337761357601132e-08,0.008754250364277497,9,0.09462550249843206,1.733742729097007e-06,0.00013503247233007028,0.906860503693599,,766.9417631626129,COMPLETE
76,76,0.24076905298736828,2025-01-30 14:56:15.854704,2025-01-30 15:15:34.012199,0 days 00:19:18.157495,0.8666807715346846,4.365934329845188e-06,0.0102939399660286,10,0.05268766798198252,0.00011103379705043648,1.678428066422978e-05,0.7311810984145243,,1156.3428089618683,COMPLETE
