,number,value,datetime_start,datetime_complete,duration,params_d_ff,params_d_model,params_decomp_method,params_down_sampling_layers,params_down_sampling_window,params_dropout,params_e_layers,params_learning_rate,params_moving_avg,params_top_k,user_attrs_pruned,user_attrs_training_time,state
120,120,0.32590944238033387,2025-02-05 14:54:58.303078,2025-02-05 18:10:54.051136,0 days 03:15:55.748058,80,48,0,2,4,0.1,1,0.00013792944885624402,3,4,,11746.276575088501,COMPLETE
121,121,0.3345857081281867,2025-02-05 16:23:22.310937,2025-02-05 17:52:30.867330,0 days 01:29:08.556393,64,48,0,2,4,0.0,1,0.00010614582780370294,3,4,,5338.668927669525,COMPLETE
122,122,0.33217055734336404,2025-02-05 17:52:30.868074,2025-02-05 20:42:38.100258,0 days 02:50:07.232184,64,16,0,2,4,0.2,1,0.0001715530771892105,3,5,,10196.928580760956,COMPLETE
123,123,0.3357088951101454,2025-02-05 18:10:54.051785,2025-02-05 19:36:35.147564,0 days 01:25:41.095779,96,16,0,2,4,0.30000000000000004,1,0.00017591968314209592,3,4,,5130.740873813629,COMPLETE
124,124,0.33130232416915606,2025-02-05 19:36:35.148216,2025-02-05 21:09:12.299400,0 days 01:32:37.151184,80,48,0,2,4,0.0,1,0.0001613369911676522,3,5,,5548.734120130539,COMPLETE
125,125,0.33760535901345995,2025-02-05 20:42:38.100934,2025-02-05 22:03:26.175681,0 days 01:20:48.074747,64,32,1,1,4,0.30000000000000004,3,0.0002496221429550882,7,3,,4834.86495923996,COMPLETE
126,126,0.3295324301089893,2025-02-05 21:09:12.300106,2025-02-05 23:44:36.619296,0 days 02:35:24.319190,96,64,0,2,4,0.2,1,0.00010401709840127198,3,3,,9313.606063365936,COMPLETE
127,127,0.32743703005983754,2025-02-05 22:03:26.176808,2025-02-05 23:48:54.774563,0 days 01:45:28.597755,80,32,0,1,4,0.1,1,0.00016635128075042174,7,5,,6323.973797798157,COMPLETE
