,number,value,datetime_start,datetime_complete,duration,params_d_ff,params_d_model,params_dropout,params_e_layers,params_learning_rate,params_num_kernels,params_top_k,user_attrs_pruned,user_attrs_training_time,state
115,115,0.3008080750605062,2025-02-03 03:14:36.629896,2025-02-03 04:14:22.246648,0 days 00:59:45.616752,16,16,0.3,1,0.0002841030245975569,4,1,,3585.4533867836,COMPLETE
116,116,0.30264280981181163,2025-02-03 04:14:22.248272,2025-02-03 05:39:10.352325,0 days 01:24:48.104053,16,32,0.3,1,0.00019256255535193741,4,3,,5087.733020544052,COMPLETE
117,117,0.3084957306583929,2025-02-03 04:19:34.601852,2025-02-03 05:56:15.079865,0 days 01:36:40.478013,16,16,0.2,2,0.00011513320178296879,3,2,,5800.218522787094,COMPLETE
118,118,0.3534957454183923,2025-02-03 05:39:10.354168,2025-02-03 06:19:00.360146,0 days 00:39:50.005978,96,16,0.3,1,0.0002543240304607496,5,2,,2389.457323074341,COMPLETE
119,119,0.39336092079622276,2025-02-03 05:56:15.081486,2025-02-03 07:37:30.076265,0 days 01:41:14.994779,32,112,0.1,4,0.000343261370611056,4,3,,6072.465279340744,COMPLETE
120,120,0.3279045478525778,2025-02-03 06:19:00.361985,2025-02-03 07:00:30.956787,0 days 00:41:30.594802,80,16,0.3,2,0.0005460390017014842,4,1,,2489.769996881485,COMPLETE
121,121,0.3689027133309211,2025-02-03 07:00:30.958792,2025-02-03 08:39:56.638991,0 days 01:39:25.680199,192,32,0.3,3,0.00035085341097433175,4,4,,5958.689222812653,COMPLETE
122,122,0.3057054887029396,2025-02-03 07:37:30.077612,2025-02-03 08:27:17.877866,0 days 00:49:47.800254,32,16,0.3,1,0.0003115945575619081,4,2,,2987.5602157115936,COMPLETE
123,123,0.29830758234634597,2025-02-03 08:27:17.879446,2025-02-03 10:35:45.832136,0 days 02:08:27.952690,16,16,0.3,1,0.00018166296813468865,4,1,,7707.780610084534,COMPLETE
124,124,0.30984419297699695,2025-02-03 08:39:56.640337,2025-02-03 09:29:42.104394,0 days 00:49:45.464057,48,32,0.3,1,0.0004446399932860796,5,1,,2985.042854309082,COMPLETE
125,125,0.2940975986535402,2025-02-03 09:29:42.106357,2025-02-03 11:22:54.923971,0 days 01:53:12.817614,16,16,0.3,1,0.00014770246742667475,3,1,,6792.636274337769,COMPLETE
126,126,0.43260535114348064,2025-02-03 10:35:45.834404,2025-02-03 13:42:10.070351,0 days 03:06:24.235947,160,96,0.1,2,0.0002772129916505969,5,4,,11176.93616938591,COMPLETE
127,127,,2025-02-03 11:22:54.925583,2025-02-03 12:54:40.348164,0 days 01:31:45.422581,160,128,0.3,2,0.008165855474024418,5,5,"Exception: OutOfMemoryError('CUDA out of memory. Tried to allocate 10.00 GiB. GPU 1 has a total capacity of 39.39 GiB of which 5.25 GiB is free. Process 3372079 has 34.14 GiB memory in use. Of the allocated memory 15.02 GiB is allocated by PyTorch, and 18.60 GiB is reserved by PyTorch but unallocated. If reserved but unallocated memory is large try setting PYTORCH_CUDA_ALLOC_CONF=expandable_segments:True to avoid fragmentation.  See documentation for Memory Management  (https://pytorch.org/docs/stable/notes/cuda.html#environment-variables)')",,PRUNED
